<?xml version="1.0" encoding="UTF-8"?>
<!-- Generated by org.testng.reporters.JUnitXMLReporter -->
<testsuite hostname="DESKTOP-A399J42" ignored="0" name="A1_priorityTest test cases" tests="5" failures="0" timestamp="18 Aug 2022 04:35:12 GMT" time="0.184" errors="0">
  <testcase name="loginTest" time="0.016" classname="a2_KeywordsTest.A1_priorityTest"/>
  <testcase name="searchTest" time="0.0" classname="a2_KeywordsTest.A1_priorityTest"/>
  <testcase name="addTocardTest" time="0.015" classname="a2_KeywordsTest.A1_priorityTest"/>
  <testcase name="cheakoutpage" time="0.0" classname="a2_KeywordsTest.A1_priorityTest"/>
  <testcase name="placeOrder" time="0.009" classname="a2_KeywordsTest.A1_priorityTest"/>
</testsuite> <!-- A1_priorityTest test cases -->
