<?xml version="1.0" encoding="UTF-8"?>
<!-- Generated by org.testng.reporters.JUnitXMLReporter -->
<testsuite hostname="DESKTOP-A399J42" ignored="0" name="A3_priorityTest3 test cases" tests="8" failures="0" timestamp="18 Aug 2022 04:35:12 GMT" time="0.125" errors="0">
  <testcase name="loginDb" time="0.015" classname="a2_KeywordsTest.A3_priorityTest3"/>
  <testcase name="openBrowser" time="0.0" classname="a2_KeywordsTest.A3_priorityTest3"/>
  <testcase name="loginTest" time="0.016" classname="a2_KeywordsTest.A3_priorityTest3"/>
  <testcase name="a_searchTest" time="0.031" classname="a2_KeywordsTest.A3_priorityTest3"/>
  <testcase name="b_searchTest" time="0.0" classname="a2_KeywordsTest.A3_priorityTest3"/>
  <testcase name="addTocardTest" time="0.0" classname="a2_KeywordsTest.A3_priorityTest3"/>
  <testcase name="cheakoutpage" time="0.0" classname="a2_KeywordsTest.A3_priorityTest3"/>
  <testcase name="placeOrder" time="0.0" classname="a2_KeywordsTest.A3_priorityTest3"/>
</testsuite> <!-- A3_priorityTest3 test cases -->
