<?xml version="1.0" encoding="UTF-8"?>
<!-- Generated by org.testng.reporters.JUnitXMLReporter -->
<testsuite hostname="DESKTOP-A399J42" ignored="2" name="addTocardTest" tests="3" failures="0" timestamp="2022-09-02T21:06:32 IST" time="0.071" errors="0">
  <testcase name="loginTest" time="0.01" classname="a7_groupTest.A1_GroupTest"/>
  <testcase name="searchTest" time="0.016" classname="a7_groupTest.A1_GroupTest"/>
  <testcase name="addTocardTest" time="0.002" classname="a7_groupTest.A1_GroupTest"/>
  <testcase name="placeOrder" time="0.0" classname="a7_groupTest.A1_GroupTest">
    <ignored/>
  </testcase> <!-- placeOrder -->
  <testcase name="cheakoutpage" time="0.0" classname="a7_groupTest.A1_GroupTest">
    <ignored/>
  </testcase> <!-- cheakoutpage -->
</testsuite> <!-- addTocardTest -->
